Using pre-set license
Built from '2020.3/staging' branch; Version is '2020.3.17f1 (a4537701e4ab) revision 10769271'; Using compiler version '192528614'; Build Type 'Release'
OS: 'Windows 10 Home; OS build 19042.1288; Version 2009; 64bit' Language: 'en' Physical Memory: 16222 MB
BatchMode: 1, IsHumanControllingUs: 0, StartBugReporterOnCrash: 0, Is64bit: 1, IsPro: 0

COMMAND LINE ARGUMENTS:
E:\Unity\2020.3.17f1\Editor\Unity.exe
-adb2
-batchMode
-noUpm
-name
AssetImportWorker0
-projectPath
E:/2DAnimation/2DanimationUnity/WhackonHole
-logFile
Logs/AssetImportWorker0.log
-srvPort
62383
Successfully changed project path to: E:/2DAnimation/2DanimationUnity/WhackonHole
E:/2DAnimation/2DanimationUnity/WhackonHole
Using Asset Import Pipeline V2.
Refreshing native plugins compatible for Editor in 31.25 ms, found 3 plugins.
Preloading 0 native plugins for Editor in 0.00 ms.
Initialize engine version: 2020.3.17f1 (a4537701e4ab)
[Subsystems] Discovering subsystems at path E:/Unity/2020.3.17f1/Editor/Data/Resources/UnitySubsystems
[Subsystems] Discovering subsystems at path E:/2DAnimation/2DanimationUnity/WhackonHole/Assets
GfxDevice: creating device client; threaded=0
Direct3D:
    Version:  Direct3D 11.0 [level 11.1]
    Renderer: NVIDIA GeForce RTX 3060 (ID=0x2503)
    Vendor:   
    VRAM:     12143 MB
    Driver:   30.0.14.7141
Initialize mono
Mono path[0] = 'E:/Unity/2020.3.17f1/Editor/Data/Managed'
Mono path[1] = 'E:/Unity/2020.3.17f1/Editor/Data/MonoBleedingEdge/lib/mono/unityjit'
Mono config path = 'E:/Unity/2020.3.17f1/Editor/Data/MonoBleedingEdge/etc'
Using monoOptions --debugger-agent=transport=dt_socket,embedding=1,server=y,suspend=n,address=127.0.0.1:56632
Begin MonoManager ReloadAssembly
Registering precompiled unity dll's ...
Register platform support module: E:/Unity/2020.3.17f1/Editor/Data/PlaybackEngines/WebGLSupport/UnityEditor.WebGL.Extensions.dll
Register platform support module: E:/Unity/2020.3.17f1/Editor/Data/PlaybackEngines/MacStandaloneSupport/UnityEditor.OSXStandalone.Extensions.dll
Register platform support module: E:/Unity/2020.3.17f1/Editor/Data/PlaybackEngines/WindowsStandaloneSupport/UnityEditor.WindowsStandalone.Extensions.dll
Registered in 0.001362 seconds.
Native extension for WindowsStandalone target not found
Native extension for OSXStandalone target not found
Native extension for WebGL target not found
Refreshing native plugins compatible for Editor in 31.17 ms, found 3 plugins.
Preloading 0 native plugins for Editor in 0.00 ms.
Mono: successfully reloaded assembly
- Completed reload, in  0.803 seconds
Domain Reload Profiling:
	ReloadAssembly (803ms)
		BeginReloadAssembly (42ms)
			ExecutionOrderSort (0ms)
			DisableScriptedObjects (0ms)
			BackupInstance (0ms)
			ReleaseScriptingObjects (0ms)
			CreateAndSetChildDomain (1ms)
		EndReloadAssembly (293ms)
			LoadAssemblies (42ms)
			RebuildTransferFunctionScriptingTraits (0ms)
			SetupTypeCache (100ms)
			ReleaseScriptCaches (0ms)
			RebuildScriptCaches (21ms)
			SetupLoadedEditorAssemblies (125ms)
				LogAssemblyErrors (0ms)
				InitializePlatformSupportModulesInManaged (4ms)
				SetLoadedEditorAssemblies (0ms)
				RefreshPlugins (31ms)
				BeforeProcessingInitializeOnLoad (7ms)
				ProcessInitializeOnLoadAttributes (62ms)
				ProcessInitializeOnLoadMethodAttributes (21ms)
				AfterProcessingInitializeOnLoad (0ms)
				EditorAssembliesLoaded (0ms)
			ExecutionOrderSort2 (0ms)
			AwakeInstancesAfterBackupRestoration (0ms)
Platform modules already initialized, skipping
Registering precompiled user dll's ...
Registered in 0.003164 seconds.
Begin MonoManager ReloadAssembly
Native extension for WindowsStandalone target not found
Native extension for OSXStandalone target not found
Native extension for WebGL target not found
Refreshing native plugins compatible for Editor in 30.10 ms, found 3 plugins.
Preloading 0 native plugins for Editor in 0.00 ms.
Mono: successfully reloaded assembly
- Completed reload, in  0.842 seconds
Domain Reload Profiling:
	ReloadAssembly (843ms)
		BeginReloadAssembly (103ms)
			ExecutionOrderSort (0ms)
			DisableScriptedObjects (3ms)
			BackupInstance (0ms)
			ReleaseScriptingObjects (0ms)
			CreateAndSetChildDomain (17ms)
		EndReloadAssembly (699ms)
			LoadAssemblies (71ms)
			RebuildTransferFunctionScriptingTraits (0ms)
			SetupTypeCache (211ms)
			ReleaseScriptCaches (0ms)
			RebuildScriptCaches (32ms)
			SetupLoadedEditorAssemblies (304ms)
				LogAssemblyErrors (0ms)
				InitializePlatformSupportModulesInManaged (4ms)
				SetLoadedEditorAssemblies (0ms)
				RefreshPlugins (30ms)
				BeforeProcessingInitializeOnLoad (44ms)
				ProcessInitializeOnLoadAttributes (215ms)
				ProcessInitializeOnLoadMethodAttributes (9ms)
				AfterProcessingInitializeOnLoad (2ms)
				EditorAssembliesLoaded (0ms)
			ExecutionOrderSort2 (0ms)
			AwakeInstancesAfterBackupRestoration (5ms)
Platform modules already initialized, skipping
========================================================================
Worker process is ready to serve import requests
Launched and connected shader compiler UnityShaderCompiler.exe after 0.05 seconds
Refreshing native plugins compatible for Editor in 0.46 ms, found 3 plugins.
Preloading 0 native plugins for Editor in 0.00 ms.
Unloading 2096 Unused Serialized files (Serialized files now loaded: 0)
System memory in use before: 93.3 MB.
System memory in use after: 93.3 MB.

Unloading 29 unused Assets to reduce memory usage. Loaded Objects now: 2534.
Total: 2.686500 ms (FindLiveObjects: 0.195600 ms CreateObjectMapping: 0.052400 ms MarkObjects: 2.382700 ms  DeleteObjects: 0.055000 ms)

AssetImportParameters requested are different than current active one (requested -> active):
  custom:framework-win-MediaFoundation: 216162199b28c13a410421893ffa2e32 -> 
  custom:video-decoder-ogg-theora: a1e56fd34408186e4bbccfd4996cb3dc -> 
  custom:container-muxer-webm: aa71ff27fc2769a1b78a27578f13a17b -> 
  custom:container-demuxer-webm: 4f35f7cbe854078d1ac9338744f61a02 -> 
  custom:container-demuxer-ogg: 62fdf1f143b41e24485cea50d1cbac27 -> 
  custom:video-encoder-webm-vp8: eb34c28f22e8b96e1ab97ce403110664 -> 
  custom:video-codec-MediaFoundation-h265: 746d11721c4dcdbdad8f713fa42b33f4 -> 
  custom:video-decoder-webm-vp8: 9c59270c3fd7afecdb556c50c9e8de78 -> 
  custom:audio-decoder-ogg-vorbis: bf7c407c2cedff20999df2af8eb42d56 -> 
  custom:audio-encoder-webm-vorbis: bf7c407c2cedff20999df2af8eb42d56 -> 
========================================================================
Received Import Request.
  path: Assets/Scenes
  artifactKey: Guid(ca165b12e32a71f4ebf5de4a662ac844) Importer(815301076,1909f56bfc062723c751e8b465ee728b)
Start importing Assets/Scenes using Guid(ca165b12e32a71f4ebf5de4a662ac844) Importer(815301076,1909f56bfc062723c751e8b465ee728b)  -> (artifact id: 'accd39fe2c6e44cb5d04b1c4ecc6c82d') in 0.008548 seconds 
  Import took 0.011318 seconds .

========================================================================
Received Import Request.
  Time since last request: 0.000170 seconds.
  path: Assets/Scenes/GameScene.unity
  artifactKey: Guid(2a1546f4f18ad7e459ecd3707541be4f) Importer(815301076,1909f56bfc062723c751e8b465ee728b)
Start importing Assets/Scenes/GameScene.unity using Guid(2a1546f4f18ad7e459ecd3707541be4f) Importer(815301076,1909f56bfc062723c751e8b465ee728b)  -> (artifact id: '72cf7a4a4437d327bcfeb1786025fd97') in 0.014259 seconds 
  Import took 0.016842 seconds .

========================================================================
Received Import Request.
  Time since last request: 1.040265 seconds.
  path: Assets/Scenes/SampleScene.unity
  artifactKey: Guid(2cda990e2423bbf4892e6590ba056729) Importer(815301076,1909f56bfc062723c751e8b465ee728b)
Start importing Assets/Scenes/SampleScene.unity using Guid(2cda990e2423bbf4892e6590ba056729) Importer(815301076,1909f56bfc062723c751e8b465ee728b)  -> (artifact id: 'aa27944bdea339c97c39027c7eea529c') in 0.006088 seconds 
  Import took 0.009015 seconds .

========================================================================
Received Import Request.
  Time since last request: 21.664556 seconds.
  path: Assets/Scenes/CyberPunk.unity
  artifactKey: Guid(2cda990e2423bbf4892e6590ba056729) Importer(815301076,1909f56bfc062723c751e8b465ee728b)
Start importing Assets/Scenes/CyberPunk.unity using Guid(2cda990e2423bbf4892e6590ba056729) Importer(815301076,1909f56bfc062723c751e8b465ee728b)  -> (artifact id: '63cd8cc15af29510c727a8a81ed093a1') in 0.006707 seconds 
  Import took 0.009573 seconds .

========================================================================
Received Import Request.
  Time since last request: 24.335200 seconds.
  path: Assets/Sprites/Effects/minusFift.psd
  artifactKey: Guid(a7a4ae09a6b4f401994f94151c61af1e) Importer(815301076,1909f56bfc062723c751e8b465ee728b)
Start importing Assets/Sprites/Effects/minusFift.psd using Guid(a7a4ae09a6b4f401994f94151c61af1e) Importer(815301076,1909f56bfc062723c751e8b465ee728b)  -> (artifact id: 'cdea047659314eddb941d78af53813fc') in 0.076970 seconds 
  Import took 0.079920 seconds .

========================================================================
Received Import Request.
  Time since last request: 0.000150 seconds.
  path: Assets/Sprites/Cursor/spritesheet_hammer.png
  artifactKey: Guid(511d4fd4dd8b542da88bd50f453ea710) Importer(815301076,1909f56bfc062723c751e8b465ee728b)
Start importing Assets/Sprites/Cursor/spritesheet_hammer.png using Guid(511d4fd4dd8b542da88bd50f453ea710) Importer(815301076,1909f56bfc062723c751e8b465ee728b)  -> (artifact id: '2893bad19230e6f434632e836a33ae35') in 0.049885 seconds 
  Import took 0.052597 seconds .

========================================================================
Received Import Request.
  Time since last request: 0.000132 seconds.
  path: Assets/Sprites/Mole/sprite_mole_endGame.png
  artifactKey: Guid(a0d8f50e394fb4169baade5f79fdbd01) Importer(815301076,1909f56bfc062723c751e8b465ee728b)
Start importing Assets/Sprites/Mole/sprite_mole_endGame.png using Guid(a0d8f50e394fb4169baade5f79fdbd01) Importer(815301076,1909f56bfc062723c751e8b465ee728b)  -> (artifact id: '1ae266df42c730ea7ee95ed6fb7167b6') in 0.016041 seconds 
  Import took 0.018655 seconds .

========================================================================
Received Import Request.
  Time since last request: 0.000179 seconds.
  path: Assets/Sprites/Effects/WrongWhackFX1.png
  artifactKey: Guid(9e24c8eab176a094097def4452f70445) Importer(815301076,1909f56bfc062723c751e8b465ee728b)
Start importing Assets/Sprites/Effects/WrongWhackFX1.png using Guid(9e24c8eab176a094097def4452f70445) Importer(815301076,1909f56bfc062723c751e8b465ee728b)  -> (artifact id: 'eb86e1047cc64b7df5a56a7377f43a16') in 0.017716 seconds 
  Import took 0.020526 seconds .

========================================================================
Received Import Request.
  Time since last request: 0.000225 seconds.
  path: Assets/Sprites/Mole/sprites_whackAMole.psd
  artifactKey: Guid(7c51c22b810c343219643c9bd7d933ad) Importer(815301076,1909f56bfc062723c751e8b465ee728b)
Start importing Assets/Sprites/Mole/sprites_whackAMole.psd using Guid(7c51c22b810c343219643c9bd7d933ad) Importer(815301076,1909f56bfc062723c751e8b465ee728b)  -> (artifact id: '3b58cc486991d31b8907110bfd9c4860') in 0.043156 seconds 
  Import took 0.045936 seconds .

========================================================================
Received Import Request.
  Time since last request: 0.000143 seconds.
  path: Assets/Sprites/Effects/WrongWhackFX2.png
  artifactKey: Guid(215f166470266a34ca205eac8abcfee5) Importer(815301076,1909f56bfc062723c751e8b465ee728b)
Start importing Assets/Sprites/Effects/WrongWhackFX2.png using Guid(215f166470266a34ca205eac8abcfee5) Importer(815301076,1909f56bfc062723c751e8b465ee728b)  -> (artifact id: 'b3d92ffb310f2975484c8c14e4e73a73') in 0.016369 seconds 
  Import took 0.019175 seconds .

========================================================================
Received Import Request.
  Time since last request: 0.000164 seconds.
  path: Assets/Sprites/Mole/sprites_whackAMole.psd
  artifactKey: Guid(7c51c22b810c343219643c9bd7d933ad) Importer(815301076,1909f56bfc062723c751e8b465ee728b)
Start importing Assets/Sprites/Mole/sprites_whackAMole.psd using Guid(7c51c22b810c343219643c9bd7d933ad) Importer(815301076,1909f56bfc062723c751e8b465ee728b)  -> (artifact id: '3b58cc486991d31b8907110bfd9c4860') in 0.022695 seconds 
  Import took 0.025514 seconds .

========================================================================
Received Import Request.
  Time since last request: 0.000167 seconds.
  path: Assets/Sprites/Effects/plusHundo.psd
  artifactKey: Guid(2288f047e0c0c471383c918498aedde7) Importer(815301076,1909f56bfc062723c751e8b465ee728b)
Start importing Assets/Sprites/Effects/plusHundo.psd using Guid(2288f047e0c0c471383c918498aedde7) Importer(815301076,1909f56bfc062723c751e8b465ee728b)  -> (artifact id: '1f7cc344a33f4c77c10d68cf4fa350ba') in 0.010376 seconds 
  Import took 0.013159 seconds .

========================================================================
Received Import Request.
  Time since last request: 300.969333 seconds.
  path: Assets/Sprites
  artifactKey: Guid(86c7c40558c1c82479bdc6c2364913be) Importer(815301076,1909f56bfc062723c751e8b465ee728b)
Start importing Assets/Sprites using Guid(86c7c40558c1c82479bdc6c2364913be) Importer(815301076,1909f56bfc062723c751e8b465ee728b)  -> (artifact id: '67961a9c15e54d535b444ce683142b07') in 0.006021 seconds 
  Import took 0.009080 seconds .

========================================================================
Received Import Request.
  Time since last request: 1.702957 seconds.
  path: Assets/Sprites/Effects
  artifactKey: Guid(36c7eac57c95c4e33bd0875e82b3b750) Importer(815301076,1909f56bfc062723c751e8b465ee728b)
Start importing Assets/Sprites/Effects using Guid(36c7eac57c95c4e33bd0875e82b3b750) Importer(815301076,1909f56bfc062723c751e8b465ee728b)  -> (artifact id: 'de4513f6f8e103bd50c22e49af44fc19') in 0.005713 seconds 
  Import took 0.008551 seconds .

========================================================================
Received Import Request.
  Time since last request: 55.381262 seconds.
  path: Assets/Sprites/Effects/WrongWhackFX1.png
  artifactKey: Guid(9e24c8eab176a094097def4452f70445) Importer(815301076,1909f56bfc062723c751e8b465ee728b)
Start importing Assets/Sprites/Effects/WrongWhackFX1.png using Guid(9e24c8eab176a094097def4452f70445) Importer(815301076,1909f56bfc062723c751e8b465ee728b)  -> (artifact id: 'e23ba461678fced61732541f4de4d882') in 0.010676 seconds 
  Import took 0.013706 seconds .

========================================================================
Received Import Request.
  Time since last request: 1522.072347 seconds.
  path: Assets
  artifactKey: Guid(00000000000000001000000000000000) Importer(815301076,1909f56bfc062723c751e8b465ee728b)
Start importing Assets using Guid(00000000000000001000000000000000) Importer(815301076,1909f56bfc062723c751e8b465ee728b)  -> (artifact id: '42d402b061de3733987d63b9cc3b64de') in 0.006065 seconds 
  Import took 0.009501 seconds .

========================================================================
Received Import Request.
  Time since last request: 6.392435 seconds.
  path: Assets/Material
  artifactKey: Guid(a6413181974d5754dac0eba2531211dc) Importer(815301076,1909f56bfc062723c751e8b465ee728b)
Start importing Assets/Material using Guid(a6413181974d5754dac0eba2531211dc) Importer(815301076,1909f56bfc062723c751e8b465ee728b)  -> (artifact id: '763b88c91bf0cb8a0e972a26b21de33e') in 0.005349 seconds 
  Import took 0.008847 seconds .

========================================================================
Received Import Request.
  Time since last request: 0.000384 seconds.
  path: Assets/Material
  artifactKey: Guid(a6413181974d5754dac0eba2531211dc) Importer(815301076,1909f56bfc062723c751e8b465ee728b)
Start importing Assets/Material using Guid(a6413181974d5754dac0eba2531211dc) Importer(815301076,1909f56bfc062723c751e8b465ee728b)  -> (artifact id: '763b88c91bf0cb8a0e972a26b21de33e') in 0.001960 seconds 
  Import took 0.004528 seconds .

========================================================================
Received Import Request.
  Time since last request: 8.284459 seconds.
  path: Assets/Material/New Material.mat
  artifactKey: Guid(5c1f0607cde1d744fb23bebd36583d49) Importer(815301076,1909f56bfc062723c751e8b465ee728b)
Start importing Assets/Material/New Material.mat using Guid(5c1f0607cde1d744fb23bebd36583d49) Importer(815301076,1909f56bfc062723c751e8b465ee728b)  -> (artifact id: 'e53cb9fb66e59eeee0f2f857056f9040') in 0.046892 seconds 
  Import took 0.050015 seconds .

========================================================================
Received Import Request.
  Time since last request: 24.240697 seconds.
  path: Assets/Material/Diffuse.mat
  artifactKey: Guid(dbe05a314facd2044a102c2768f17b77) Importer(815301076,1909f56bfc062723c751e8b465ee728b)
Start importing Assets/Material/Diffuse.mat using Guid(dbe05a314facd2044a102c2768f17b77) Importer(815301076,1909f56bfc062723c751e8b465ee728b)  -> (artifact id: '40b25a89c65d8666bde785205302afd3') in 0.012789 seconds 
  Import took 0.016343 seconds .

========================================================================
Received Import Request.
  Time since last request: 13.380934 seconds.
  path: Assets/Material/Diffuse.mat
  artifactKey: Guid(dbe05a314facd2044a102c2768f17b77) Importer(815301076,1909f56bfc062723c751e8b465ee728b)
Start importing Assets/Material/Diffuse.mat using Guid(dbe05a314facd2044a102c2768f17b77) Importer(815301076,1909f56bfc062723c751e8b465ee728b)  -> (artifact id: '042af086974e16a60c8d049d75a85e0c') in 0.019137 seconds 
  Import took 0.022902 seconds .

========================================================================
Received Import Request.
  Time since last request: 539.407034 seconds.
  path: Assets/Scripts
  artifactKey: Guid(83b22f11339afb340b3ee904b0f3a0fc) Importer(815301076,1909f56bfc062723c751e8b465ee728b)
Start importing Assets/Scripts using Guid(83b22f11339afb340b3ee904b0f3a0fc) Importer(815301076,1909f56bfc062723c751e8b465ee728b)  -> (artifact id: '1244df9cfaeeb80226196d3744deff37') in 0.006181 seconds 
  Import took 0.009992 seconds .

========================================================================
Received Import Request.
  Time since last request: 54.812882 seconds.
  path: Assets/Sprites/Effects/WrongWhackFX1.png
  artifactKey: Guid(9e24c8eab176a094097def4452f70445) Importer(815301076,1909f56bfc062723c751e8b465ee728b)
Start importing Assets/Sprites/Effects/WrongWhackFX1.png using Guid(9e24c8eab176a094097def4452f70445) Importer(815301076,1909f56bfc062723c751e8b465ee728b)  -> (artifact id: 'd0dd01fd36f33f2434dfeef056e0cc41') in 0.029197 seconds 
  Import took 0.032823 seconds .

========================================================================
Received Import Request.
  Time since last request: 217.168009 seconds.
  path: Assets/Sprites/Effects/WrongWhackFX1.png
  artifactKey: Guid(9e24c8eab176a094097def4452f70445) Importer(815301076,1909f56bfc062723c751e8b465ee728b)
Start importing Assets/Sprites/Effects/WrongWhackFX1.png using Guid(9e24c8eab176a094097def4452f70445) Importer(815301076,1909f56bfc062723c751e8b465ee728b)  -> (artifact id: '484f5f452b03b0626ee28567482a5885') in 0.010098 seconds 
  Import took 0.013756 seconds .

========================================================================
Received Import Request.
  Time since last request: 154.029297 seconds.
  path: Assets/Sprites/Effects/WrongWhackFX3.png
  artifactKey: Guid(bedd0ceacdaf0b741b451e670b74d455) Importer(815301076,1909f56bfc062723c751e8b465ee728b)
Start importing Assets/Sprites/Effects/WrongWhackFX3.png using Guid(bedd0ceacdaf0b741b451e670b74d455) Importer(815301076,1909f56bfc062723c751e8b465ee728b)  -> (artifact id: 'f41c0966001cc887d83c1bd1ef1b2060') in 0.014687 seconds 
  Import took 0.018599 seconds .

========================================================================
Received Import Request.
  Time since last request: 101.163330 seconds.
  path: Assets/Sprites/BackGround.png
  artifactKey: Guid(659b3ed50931c55498e5af27438480be) Importer(815301076,1909f56bfc062723c751e8b465ee728b)
Start importing Assets/Sprites/BackGround.png using Guid(659b3ed50931c55498e5af27438480be) Importer(815301076,1909f56bfc062723c751e8b465ee728b)  -> (artifact id: '2c5214e46283fb4a36acf92300188ba3') in 0.011218 seconds 
  Import took 0.014514 seconds .

AssetImportWorkerClient::OnTransportError - code=2 error=End of file
